 2023-07-13 15:53:40,396 - app - INFO - Logging Starts.
 2023-07-13 15:53:59,828 - app - INFO - ++++++ login +++ sakura.suwa@example.com
 2023-07-13 15:54:01,914 - app - INFO - [appmain_bp.py] --- @appmain_bp.route("/appmain") user= 'sakura.suwa@example.com' -----
 2023-07-13 15:54:04,134 - app - INFO - +++++ logout +++ sakura.suwa@example.com
 2023-07-13 15:59:14,675 - app - INFO - Logging Starts.
 2023-07-13 16:00:34,643 - app - INFO - Logging Starts.
 2023-07-13 16:00:47,617 - app - INFO - ++++++ login +++ sakura.suwa@example.com
 2023-07-13 16:01:37,531 - app - INFO - Logging Starts.
 2023-07-13 16:02:36,290 - app - INFO - Logging Starts.
 2023-07-13 16:02:44,576 - app - INFO - ++++++ login +++ sakura.suwa@example.com
 2023-07-13 16:02:47,576 - app - INFO - [appmain_bp.py] --- @appmain_bp.route("/appmain") user= 'sakura.suwa@example.com' -----
 2023-07-13 16:03:40,296 - app - INFO - Logging Starts.
 2023-07-13 16:03:47,495 - app - INFO - ++++++ login +++ sakura.suwa@example.com
 2023-07-13 16:03:52,007 - app - INFO - [appmain_bp.py] --- @appmain_bp.route("/appmain") user= 'sakura.suwa@example.com' -----
 2023-07-13 16:03:54,983 - app - INFO - [appml_bp.py] --- @appml_bp.route("/appml") user= 'sakura.suwa@example.com' -----
 2023-07-13 16:04:01,515 - app - INFO - [appmain_bp.py] --- @appmain_bp.route("/appmain") user= 'sakura.suwa@example.com' -----
 2023-07-13 16:04:04,432 - app - INFO - [appmain_bp.py] --- @appmain_bp.route("/appmain") user= 'sakura.suwa@example.com' -----
 2023-07-13 16:04:07,339 - app - INFO - [appmain_bp.py] --- @appmain_bp.route("/appmain") user= 'sakura.suwa@example.com' -----
 2023-07-13 16:04:09,664 - app - INFO - [appmain_bp.py] --- @appmain_bp.route("/appmain") user= 'sakura.suwa@example.com' -----
 2023-07-13 16:04:11,659 - app - INFO - [appml_bp.py] --- @appml_bp.route("/appml") user= 'sakura.suwa@example.com' -----
 2023-07-13 16:04:17,927 - app - INFO - [appml_bp.py] --- @appml_bp.route("/appml") user= 'sakura.suwa@example.com' -----
 2023-07-13 16:05:39,487 - app - INFO - +++++ logout +++ sakura.suwa@example.com
 2023-07-13 16:09:24,824 - app - INFO - Logging Starts.
